<html>
<head>
<title>TestNG:  Test</title>
<link href="../testng.css" rel="stylesheet" type="text/css" />
<link href="../my-testng.css" rel="stylesheet" type="text/css" />

<style type="text/css">
.log { display: none;} 
.stack-trace { display: none;} 
</style>
<script type="text/javascript">
<!--
function flip(e) {
  current = e.style.display;
  if (current == 'block') {
    e.style.display = 'none';
    return 0;
  }
  else {
    e.style.display = 'block';
    return 1;
  }
}

function toggleBox(szDivId, elem, msg1, msg2)
{
  var res = -1;  if (document.getElementById) {
    res = flip(document.getElementById(szDivId));
  }
  else if (document.all) {
    // this is the way old msie versions work
    res = flip(document.all[szDivId]);
  }
  if(elem) {
    if(res == 0) elem.innerHTML = msg1; else elem.innerHTML = msg2;
  }

}

function toggleAllBoxes() {
  if (document.getElementsByTagName) {
    d = document.getElementsByTagName('div');
    for (i = 0; i < d.length; i++) {
      if (d[i].className == 'log') {
        flip(d[i]);
      }
    }
  }
}

// -->
</script>

</head>
<body>
<h2 align='center'>Test</h2><table border='1' align="center">
<tr>
<td>Tests passed/Failed/Skipped:</td><td>14/1/0</td>
</tr><tr>
<td>Started on:</td><td>Sat May 25 16:52:51 IST 2024</td>
</tr>
<tr><td>Total time:</td><td>72 seconds (72316 ms)</td>
</tr><tr>
<td>Included groups:</td><td></td>
</tr><tr>
<td>Excluded groups:</td><td></td>
</tr>
</table><p/>
<small><i>(Hover the method name to see the test class name)</i></small><p/>
<table width='100%' border='1' class='invocation-failed'>
<tr><td colspan='4' align='center'><b>FAILED TESTS</b></td></tr>
<tr><td><b>Test method</b></td>
<td><b>Attribute(s)</b></td>
<td width="30%"><b>Exception</b></td>
<td width="10%"><b>Time (seconds)</b></td>
<td><b>Instance</b></td>
</tr>
<tr>
<td title='testClasses.budgetAndTimelineTest.settingDeadline()'><b>settingDeadline</b><br>Test class: testClasses.budgetAndTimelineTest</td>
<td><div><pre>org.openqa.selenium.JavascriptException: javascript error: {&quot;status&quot;:60,&quot;value&quot;:&quot;[object HTMLTableCellElement] has no size and location&quot;}
  (Session info: MicrosoftEdge=125.0.2535.51)
Build info: version: &apos;4.13.0&apos;, revision: &apos;ba948ece5b*&apos;
System info: os.name: &apos;Windows 10&apos;, os.arch: &apos;amd64&apos;, os.version: &apos;10.0&apos;, java.version: &apos;17.0.1&apos;
Driver info: org.openqa.selenium.edge.EdgeDriver
Command: [f0708783465353912ed6e20c725a9780, actions {actions=[org.openqa.selenium.interactions.Sequence@60aec68a]}]
Capabilities {acceptInsecureCerts: false, browserName: MicrosoftEdge, browserVersion: 125.0.2535.51, fedcm:accounts: true, ms:edgeOptions: {debuggerAddress: localhost:57539}, msedge: {msedgedriverVersion: 125.0.2535.67 (626a82df5fa7..., userDataDir: C:\Users\ANKUSH~1\AppData\L...}, networkConnectionEnabled: false, pageLoadStrategy: normal, platformName: windows, proxy: Proxy(), se:cdp: ws://localhost:57539/devtoo..., se:cdpVersion: 125.0.2535.51, setWindowRect: true, strictFileInteractability: false, timeouts: {implicit: 0, pageLoad: 300000, script: 30000}, unhandledPromptBehavior: dismiss and notify, webauthn:extension:credBlob: true, webauthn:extension:largeBlob: true, webauthn:extension:minPinLength: true, webauthn:extension:prf: true, webauthn:virtualAuthenticators: true}
Session ID: f0708783465353912ed6e20c725a9780
	at org.openqa.selenium.remote.codec.w3c.W3CHttpResponseCodec.createException(W3CHttpResponseCodec.java:200)
	at org.openqa.selenium.remote.codec.w3c.W3CHttpResponseCodec.decode(W3CHttpResponseCodec.java:133)
	at org.openqa.selenium.remote.codec.w3c.W3CHttpResponseCodec.decode(W3CHttpResponseCodec.java:52)
	at org.openqa.selenium.remote.HttpCommandExecutor.execute(HttpCommandExecutor.java:191)
	at org.openqa.selenium.remote.service.DriverCommandExecutor.invokeExecute(DriverCommandExecutor.java:196)
	at org.openqa.selenium.remote.service.DriverCommandExecutor.execute(DriverCommandExecutor.java:171)
	at org.openqa.selenium.remote.RemoteWebDriver.execute(RemoteWebDriver.java:602)
	at org.openqa.selenium.remote.RemoteWebDriver.perform(RemoteWebDriver.java:688)
	at org.openqa.selenium.interactions.Actions$BuiltAction.perform(Actions.java:605)
	at org.openqa.selenium.interactions.Actions.perform(Actions.java:574)
	at pageClasses.budgetAndTimeline.setDeadLine(budgetAndTimeline.java:62)
	at testClasses.budgetAndTimelineTest.settingDeadline(budgetAndTimelineTest.java:16)
	at java.base/java.util.ArrayList.forEach(ArrayList.java:1511)
... Removed 32 stack frames</pre></div><a href='#' onClick='toggleBox("stack-trace483669346", this, "Click to show all stack frames", "Click to hide stack frames")'>Click to show all stack frames</a>
<div class='stack-trace' id='stack-trace483669346'><pre>org.openqa.selenium.JavascriptException: javascript error: {&quot;status&quot;:60,&quot;value&quot;:&quot;[object HTMLTableCellElement] has no size and location&quot;}
  (Session info: MicrosoftEdge=125.0.2535.51)
Build info: version: &apos;4.13.0&apos;, revision: &apos;ba948ece5b*&apos;
System info: os.name: &apos;Windows 10&apos;, os.arch: &apos;amd64&apos;, os.version: &apos;10.0&apos;, java.version: &apos;17.0.1&apos;
Driver info: org.openqa.selenium.edge.EdgeDriver
Command: [f0708783465353912ed6e20c725a9780, actions {actions=[org.openqa.selenium.interactions.Sequence@60aec68a]}]
Capabilities {acceptInsecureCerts: false, browserName: MicrosoftEdge, browserVersion: 125.0.2535.51, fedcm:accounts: true, ms:edgeOptions: {debuggerAddress: localhost:57539}, msedge: {msedgedriverVersion: 125.0.2535.67 (626a82df5fa7..., userDataDir: C:\Users\ANKUSH~1\AppData\L...}, networkConnectionEnabled: false, pageLoadStrategy: normal, platformName: windows, proxy: Proxy(), se:cdp: ws://localhost:57539/devtoo..., se:cdpVersion: 125.0.2535.51, setWindowRect: true, strictFileInteractability: false, timeouts: {implicit: 0, pageLoad: 300000, script: 30000}, unhandledPromptBehavior: dismiss and notify, webauthn:extension:credBlob: true, webauthn:extension:largeBlob: true, webauthn:extension:minPinLength: true, webauthn:extension:prf: true, webauthn:virtualAuthenticators: true}
Session ID: f0708783465353912ed6e20c725a9780
	at java.base/jdk.internal.reflect.NativeConstructorAccessorImpl.newInstance0(Native Method)
	at java.base/jdk.internal.reflect.NativeConstructorAccessorImpl.newInstance(NativeConstructorAccessorImpl.java:77)
	at java.base/jdk.internal.reflect.DelegatingConstructorAccessorImpl.newInstance(DelegatingConstructorAccessorImpl.java:45)
	at java.base/java.lang.reflect.Constructor.newInstanceWithCaller(Constructor.java:499)
	at java.base/java.lang.reflect.Constructor.newInstance(Constructor.java:480)
	at org.openqa.selenium.remote.codec.w3c.W3CHttpResponseCodec.createException(W3CHttpResponseCodec.java:200)
	at org.openqa.selenium.remote.codec.w3c.W3CHttpResponseCodec.decode(W3CHttpResponseCodec.java:133)
	at org.openqa.selenium.remote.codec.w3c.W3CHttpResponseCodec.decode(W3CHttpResponseCodec.java:52)
	at org.openqa.selenium.remote.HttpCommandExecutor.execute(HttpCommandExecutor.java:191)
	at org.openqa.selenium.remote.service.DriverCommandExecutor.invokeExecute(DriverCommandExecutor.java:196)
	at org.openqa.selenium.remote.service.DriverCommandExecutor.execute(DriverCommandExecutor.java:171)
	at org.openqa.selenium.remote.RemoteWebDriver.execute(RemoteWebDriver.java:602)
	at org.openqa.selenium.remote.RemoteWebDriver.perform(RemoteWebDriver.java:688)
	at org.openqa.selenium.interactions.Actions$BuiltAction.perform(Actions.java:605)
	at org.openqa.selenium.interactions.Actions.perform(Actions.java:574)
	at pageClasses.budgetAndTimeline.setDeadLine(budgetAndTimeline.java:62)
	at testClasses.budgetAndTimelineTest.settingDeadline(budgetAndTimelineTest.java:16)
	at java.base/jdk.internal.reflect.NativeMethodAccessorImpl.invoke0(Native Method)
	at java.base/jdk.internal.reflect.NativeMethodAccessorImpl.invoke(NativeMethodAccessorImpl.java:77)
	at java.base/jdk.internal.reflect.DelegatingMethodAccessorImpl.invoke(DelegatingMethodAccessorImpl.java:43)
	at java.base/java.lang.reflect.Method.invoke(Method.java:568)
	at org.testng.internal.invokers.MethodInvocationHelper.invokeMethod(MethodInvocationHelper.java:139)
	at org.testng.internal.invokers.TestInvoker.invokeMethod(TestInvoker.java:664)
	at org.testng.internal.invokers.TestInvoker.invokeTestMethod(TestInvoker.java:227)
	at org.testng.internal.invokers.MethodRunner.runInSequence(MethodRunner.java:50)
	at org.testng.internal.invokers.TestInvoker$MethodInvocationAgent.invoke(TestInvoker.java:957)
	at org.testng.internal.invokers.TestInvoker.invokeTestMethods(TestInvoker.java:200)
	at org.testng.internal.invokers.TestMethodWorker.invokeTestMethods(TestMethodWorker.java:148)
	at org.testng.internal.invokers.TestMethodWorker.run(TestMethodWorker.java:128)
	at java.base/java.util.ArrayList.forEach(ArrayList.java:1511)
	at org.testng.TestRunner.privateRun(TestRunner.java:848)
	at org.testng.TestRunner.run(TestRunner.java:621)
	at org.testng.SuiteRunner.runTest(SuiteRunner.java:443)
	at org.testng.SuiteRunner.runSequentially(SuiteRunner.java:437)
	at org.testng.SuiteRunner.privateRun(SuiteRunner.java:397)
	at org.testng.SuiteRunner.run(SuiteRunner.java:336)
	at org.testng.SuiteRunnerWorker.runSuite(SuiteRunnerWorker.java:52)
	at org.testng.SuiteRunnerWorker.run(SuiteRunnerWorker.java:95)
	at org.testng.TestNG.runSuitesSequentially(TestNG.java:1280)
	at org.testng.TestNG.runSuitesLocally(TestNG.java:1200)
	at org.testng.TestNG.runSuites(TestNG.java:1114)
	at org.testng.TestNG.run(TestNG.java:1082)
	at org.testng.remote.AbstractRemoteTestNG.run(AbstractRemoteTestNG.java:115)
	at org.testng.remote.RemoteTestNG.initAndRun(RemoteTestNG.java:251)
	at org.testng.remote.RemoteTestNG.main(RemoteTestNG.java:77)
</pre></div></td>
<td>0</td>
<td>testClasses.budgetAndTimelineTest@62ef27a8</td></tr>
</table><p>
<table width='100%' border='1' class='invocation-passed'>
<tr><td colspan='4' align='center'><b>PASSED TESTS</b></td></tr>
<tr><td><b>Test method</b></td>
<td><b>Attribute(s)</b></td>
<td width="30%"><b>Exception</b></td>
<td width="10%"><b>Time (seconds)</b></td>
<td><b>Instance</b></td>
</tr>
<tr>
<td title='testClasses.projectDetailsTest.projectNameTest()'><b>projectNameTest</b><br>Test class: testClasses.projectDetailsTest</td>
<td></td>
<td>0</td>
<td>testClasses.projectDetailsTest@3a5ecce3</td></tr>
<tr>
<td title='testClasses.projectDetailsTest.categorySelection()'><b>categorySelection</b><br>Test class: testClasses.projectDetailsTest</td>
<td></td>
<td>0</td>
<td>testClasses.projectDetailsTest@3a5ecce3</td></tr>
<tr>
<td title='testClasses.designPageTest.fileAttachment()'><b>fileAttachment</b><br>Test class: testClasses.designPageTest</td>
<td></td>
<td>0</td>
<td>testClasses.designPageTest@531f4093</td></tr>
<tr>
<td title='testClasses.designPageTest.giveDescription()'><b>giveDescription</b><br>Test class: testClasses.designPageTest</td>
<td></td>
<td>1</td>
<td>testClasses.designPageTest@531f4093</td></tr>
<tr>
<td title='testClasses.designPageTest.designProcessSelection()'><b>designProcessSelection</b><br>Test class: testClasses.designPageTest</td>
<td></td>
<td>12</td>
<td>testClasses.designPageTest@531f4093</td></tr>
<tr>
<td title='testClasses.budgetAndTimelineTest.buttonClick()'><b>buttonClick</b><br>Test class: testClasses.budgetAndTimelineTest</td>
<td></td>
<td>0</td>
<td>testClasses.budgetAndTimelineTest@62ef27a8</td></tr>
<tr>
<td title='testClasses.projectDetailsTest.buttonClick()'><b>buttonClick</b><br>Test class: testClasses.projectDetailsTest</td>
<td></td>
<td>0</td>
<td>testClasses.projectDetailsTest@3a5ecce3</td></tr>
<tr>
<td title='testClasses.projectDetailsTest.sizeSelection()'><b>sizeSelection</b><br>Test class: testClasses.projectDetailsTest</td>
<td></td>
<td>0</td>
<td>testClasses.projectDetailsTest@3a5ecce3</td></tr>
<tr>
<td title='testClasses.projectDetailsTest.propertySelection()'><b>propertySelection</b><br>Test class: testClasses.projectDetailsTest</td>
<td></td>
<td>0</td>
<td>testClasses.projectDetailsTest@3a5ecce3</td></tr>
<tr>
<td title='testClasses.projectDetailsTest.placeSelection()'><b>placeSelection</b><br>Test class: testClasses.projectDetailsTest</td>
<td></td>
<td>0</td>
<td>testClasses.projectDetailsTest@3a5ecce3</td></tr>
<tr>
<td title='testClasses.budgetAndTimelineTest.settingBudget()'><b>settingBudget</b><br>Test class: testClasses.budgetAndTimelineTest</td>
<td></td>
<td>0</td>
<td>testClasses.budgetAndTimelineTest@62ef27a8</td></tr>
<tr>
<td title='testClasses.designPageTest.tagSelection()'><b>tagSelection</b><br>Test class: testClasses.designPageTest</td>
<td></td>
<td>0</td>
<td>testClasses.designPageTest@531f4093</td></tr>
<tr>
<td title='testClasses.designPageTest.buttonClick()'><b>buttonClick</b><br>Test class: testClasses.designPageTest</td>
<td></td>
<td>0</td>
<td>testClasses.designPageTest@531f4093</td></tr>
<tr>
<td title='testClasses.projectDetailsTest.locationSelection()'><b>locationSelection</b><br>Test class: testClasses.projectDetailsTest</td>
<td></td>
<td>9</td>
<td>testClasses.projectDetailsTest@3a5ecce3</td></tr>
</table><p>
</body>
</html>