<?xml version="1.0" encoding="UTF-8"?>
<!-- Generated by org.testng.reporters.JUnitXMLReporter -->
<testsuite ignored="3" hostname="MSI" failures="1" tests="15" name="Test" time="72.316" errors="0" timestamp="2024-05-25T16:54:04 IST">
  <testcase classname="testClasses.projectDetailsTest" name="projectNameTest" time="0.979"/>
  <testcase classname="testClasses.projectDetailsTest" name="categorySelection" time="0.179"/>
  <testcase classname="testClasses.projectDetailsTest" name="placeSelection" time="0.185"/>
  <testcase classname="testClasses.projectDetailsTest" name="sizeSelection" time="0.621"/>
  <testcase classname="testClasses.projectDetailsTest" name="locationSelection" time="9.023"/>
  <testcase classname="testClasses.projectDetailsTest" name="propertySelection" time="0.181"/>
  <testcase classname="testClasses.projectDetailsTest" name="buttonClick" time="0.272"/>
  <testcase classname="testClasses.designPageTest" name="designProcessSelection" time="12.52"/>
  <testcase classname="testClasses.designPageTest" name="giveDescription" time="1.604"/>
  <testcase classname="testClasses.designPageTest" name="tagSelection" time="0.317"/>
  <testcase classname="testClasses.designPageTest" name="fileAttachment" time="0.023"/>
  <testcase classname="testClasses.designPageTest" name="buttonClick" time="0.261"/>
  <testcase classname="testClasses.budgetAndTimelineTest" name="settingBudget" time="0.277"/>
  <testcase classname="testClasses.budgetAndTimelineTest" name="settingDeadline" time="0.889">
    <failure type="org.openqa.selenium.JavascriptException" message="javascript error: {&amp;quot;status&amp;quot;:60,&amp;quot;value&amp;quot;:&amp;quot;[object HTMLTableCellElement] has no size and location&amp;quot;}
  (Session info: MicrosoftEdge=125.0.2535.51)
Build info: version: &amp;apos;4.13.0&amp;apos;, revision: &amp;apos;ba948ece5b*&amp;apos;
System info: os.name: &amp;apos;Windows 10&amp;apos;, os.arch: &amp;apos;amd64&amp;apos;, os.version: &amp;apos;10.0&amp;apos;, java.version: &amp;apos;17.0.1&amp;apos;
Driver info: org.openqa.selenium.edge.EdgeDriver
Command: [f0708783465353912ed6e20c725a9780, actions {actions=[org.openqa.selenium.interactions.Sequence@60aec68a]}]
Capabilities {acceptInsecureCerts: false, browserName: MicrosoftEdge, browserVersion: 125.0.2535.51, fedcm:accounts: true, ms:edgeOptions: {debuggerAddress: localhost:57539}, msedge: {msedgedriverVersion: 125.0.2535.67 (626a82df5fa7..., userDataDir: C:\Users\ANKUSH~1\AppData\L...}, networkConnectionEnabled: false, pageLoadStrategy: normal, platformName: windows, proxy: Proxy(), se:cdp: ws://localhost:57539/devtoo..., se:cdpVersion: 125.0.2535.51, setWindowRect: true, strictFileInteractability: false, timeouts: {implicit: 0, pageLoad: 300000, script: 30000}, unhandledPromptBehavior: dismiss and notify, webauthn:extension:credBlob: true, webauthn:extension:largeBlob: true, webauthn:extension:minPinLength: true, webauthn:extension:prf: true, webauthn:virtualAuthenticators: true}
Session ID: f0708783465353912ed6e20c725a9780">
      <![CDATA[org.openqa.selenium.JavascriptException: javascript error: {"status":60,"value":"[object HTMLTableCellElement] has no size and location"}
  (Session info: MicrosoftEdge=125.0.2535.51)
Build info: version: '4.13.0', revision: 'ba948ece5b*'
System info: os.name: 'Windows 10', os.arch: 'amd64', os.version: '10.0', java.version: '17.0.1'
Driver info: org.openqa.selenium.edge.EdgeDriver
Command: [f0708783465353912ed6e20c725a9780, actions {actions=[org.openqa.selenium.interactions.Sequence@60aec68a]}]
Capabilities {acceptInsecureCerts: false, browserName: MicrosoftEdge, browserVersion: 125.0.2535.51, fedcm:accounts: true, ms:edgeOptions: {debuggerAddress: localhost:57539}, msedge: {msedgedriverVersion: 125.0.2535.67 (626a82df5fa7..., userDataDir: C:\Users\ANKUSH~1\AppData\L...}, networkConnectionEnabled: false, pageLoadStrategy: normal, platformName: windows, proxy: Proxy(), se:cdp: ws://localhost:57539/devtoo..., se:cdpVersion: 125.0.2535.51, setWindowRect: true, strictFileInteractability: false, timeouts: {implicit: 0, pageLoad: 300000, script: 30000}, unhandledPromptBehavior: dismiss and notify, webauthn:extension:credBlob: true, webauthn:extension:largeBlob: true, webauthn:extension:minPinLength: true, webauthn:extension:prf: true, webauthn:virtualAuthenticators: true}
Session ID: f0708783465353912ed6e20c725a9780
at org.openqa.selenium.remote.codec.w3c.W3CHttpResponseCodec.createException(W3CHttpResponseCodec.java:200)
at org.openqa.selenium.remote.codec.w3c.W3CHttpResponseCodec.decode(W3CHttpResponseCodec.java:133)
at org.openqa.selenium.remote.codec.w3c.W3CHttpResponseCodec.decode(W3CHttpResponseCodec.java:52)
at org.openqa.selenium.remote.HttpCommandExecutor.execute(HttpCommandExecutor.java:191)
at org.openqa.selenium.remote.service.DriverCommandExecutor.invokeExecute(DriverCommandExecutor.java:196)
at org.openqa.selenium.remote.service.DriverCommandExecutor.execute(DriverCommandExecutor.java:171)
at org.openqa.selenium.remote.RemoteWebDriver.execute(RemoteWebDriver.java:602)
at org.openqa.selenium.remote.RemoteWebDriver.perform(RemoteWebDriver.java:688)
at org.openqa.selenium.interactions.Actions$BuiltAction.perform(Actions.java:605)
at org.openqa.selenium.interactions.Actions.perform(Actions.java:574)
at pageClasses.budgetAndTimeline.setDeadLine(budgetAndTimeline.java:62)
at testClasses.budgetAndTimelineTest.settingDeadline(budgetAndTimelineTest.java:16)
at java.base/java.util.ArrayList.forEach(ArrayList.java:1511)
... Removed 32 stack frames]]>
    </failure>
  </testcase> <!-- settingDeadline -->
  <testcase classname="testClasses.budgetAndTimelineTest" name="buttonClick" time="0.295"/>
  <testcase classname="testClasses.baseTest" name="@BeforeSuite initBrowser" time="0.0">
    <ignored/>
  </testcase> <!-- @BeforeSuite initBrowser -->
  <testcase classname="testClasses.baseTest" name="@BeforeSuite initBrowser" time="0.0">
    <ignored/>
  </testcase> <!-- @BeforeSuite initBrowser -->
  <testcase classname="testClasses.baseTest" name="@BeforeSuite initBrowser" time="0.0">
    <ignored/>
  </testcase> <!-- @BeforeSuite initBrowser -->
</testsuite> <!-- Test -->
